5
cuda
Create fields for Tagger !
The network structure of POS Tagger is:
 Tagger_Model(
  (word_embedding): Embedding(17547, 100)
  (char_lstm): CharLSTM(
    (embedding): Embedding(4199, 50)
    (lstm): LSTM(50, 50, batch_first=True, bidirectional=True)
  )
  (bilstm): LSTM(200, 400, num_layers=2, batch_first=True, bidirectional=True)
  (linear): Linear(in_features=800, out_features=37, bias=True)
)
training epoch 1 :
train loss: 7999.092624240451
right and total:  16114 20454
dev accuracy: 0.7878165639972622
epoch time: 0:03:02.230629
training epoch 2 :
train loss: 1708.3889536916474
right and total:  18274 20454
dev accuracy: 0.8934193800723574
epoch time: 0:03:13.758496
training epoch 3 :
train loss: 950.1420905972705
right and total:  18736 20454
dev accuracy: 0.9160066490661973
epoch time: 0:03:09.243890
training epoch 4 :
train loss: 587.2408047899788
right and total:  18729 20454
dev accuracy: 0.9156644177178058
epoch time: 0:03:06.249566
training epoch 5 :
train loss: 346.2889860176746
right and total:  18988 20454
dev accuracy: 0.9283269776082917
epoch time: 0:03:05.439256
training epoch 6 :
train loss: 183.4233400321301
right and total:  19014 20454
dev accuracy: 0.9295981226166031
epoch time: 0:03:12.067679
training epoch 7 :
train loss: 106.5564527158384
right and total:  19044 20454
dev accuracy: 0.9310648283954239
epoch time: 0:03:32.208578
training epoch 8 :
train loss: 68.34346775949737
right and total:  19029 20454
dev accuracy: 0.9303314755060135
epoch time: 0:03:50.136941
training epoch 9 :
train loss: 48.16369200341495
right and total:  19082 20454
dev accuracy: 0.9329226557152636
epoch time: 0:03:46.711295
training epoch 10 :
train loss: 37.74844831301842
right and total:  19124 20454
dev accuracy: 0.9349760438056126
epoch time: 0:03:45.720623
training epoch 11 :
train loss: 30.56036103801963
right and total:  19114 20454
dev accuracy: 0.934487141879339
epoch time: 0:03:46.157352
training epoch 12 :
train loss: 26.424209736011647
right and total:  19103 20454
dev accuracy: 0.9339493497604381
epoch time: 0:03:45.632861
training epoch 13 :
train loss: 24.618951773937837
right and total:  19098 20454
dev accuracy: 0.9337048987973012
epoch time: 0:03:48.561617
training epoch 14 :
train loss: 21.663126156653888
right and total:  19127 20454
dev accuracy: 0.9351227143834947
epoch time: 0:03:47.181269
training epoch 15 :
train loss: 20.443486672860605
right and total:  19118 20454
dev accuracy: 0.9346827026498484
epoch time: 0:03:50.049390
training epoch 16 :
train loss: 17.56821455778899
right and total:  19164 20454
dev accuracy: 0.9369316515107069
epoch time: 0:03:49.662543
training epoch 17 :
train loss: 16.61166226422345
right and total:  19122 20454
dev accuracy: 0.9348782634203578
epoch time: 0:03:46.154632
training epoch 18 :
train loss: 13.873544481065538
right and total:  19112 20454
dev accuracy: 0.9343893614940842
epoch time: 0:03:47.846134
training epoch 19 :
train loss: 13.693393848560474
right and total:  19148 20454
dev accuracy: 0.9361494084286692
epoch time: 0:03:46.634995
training epoch 20 :
train loss: 13.428025422272858
right and total:  19119 20454
dev accuracy: 0.9347315928424758
epoch time: 0:03:50.866987
training epoch 21 :
train loss: 13.221922839129412
right and total:  19120 20454
dev accuracy: 0.9347804830351032
epoch time: 0:03:47.843226
training epoch 22 :
train loss: 13.15946400018386
right and total:  19165 20454
dev accuracy: 0.9369805417033343
epoch time: 0:03:48.058351
training epoch 23 :
train loss: 11.265895042890383
right and total:  19180 20454
dev accuracy: 0.9377138945927447
epoch time: 0:03:48.211278
training epoch 24 :
train loss: 10.23086976416317
right and total:  19169 20454
dev accuracy: 0.9371761024738438
epoch time: 0:03:44.810020
training epoch 25 :
train loss: 10.325364854600695
right and total:  19153 20454
dev accuracy: 0.936393859391806
epoch time: 0:03:47.538465
training epoch 26 :
train loss: 9.561400331096884
right and total:  19148 20454
dev accuracy: 0.9361494084286692
epoch time: 0:03:47.224294
training epoch 27 :
train loss: 10.258351314215012
right and total:  19170 20454
dev accuracy: 0.9372249926664711
epoch time: 0:03:50.099101
training epoch 28 :
train loss: 8.78459228704005
right and total:  19164 20454
dev accuracy: 0.9369316515107069
epoch time: 0:03:53.207103
training epoch 29 :
train loss: 7.284780007821542
right and total:  19145 20454
dev accuracy: 0.9360027378507871
epoch time: 0:03:46.962166
training epoch 30 :
train loss: 8.284219906653886
right and total:  19215 20454
dev accuracy: 0.9394250513347022
epoch time: 0:03:51.018226
training epoch 31 :
train loss: 8.62482800895785
right and total:  19153 20454
dev accuracy: 0.936393859391806
epoch time: 0:03:48.892855
training epoch 32 :
train loss: 7.508441030243297
right and total:  19160 20454
dev accuracy: 0.9367360907401975
epoch time: 0:03:52.334619
training epoch 33 :
